<?xml version="1.0" encoding="UTF-8"?>
<robot generator="Robot 5.0 (Python 3.7.0 on win32)" generated="20220527 10:28:18.446" rpa="false" schemaversion="3">
<suite id="s1" name="itba-TT-602 &amp; itba-TT-602 &amp; itba-TT-602">
<suite id="s1-s1" name="itba-TT-602" source="1__Login\__init__">
<suite id="s1-s1-s1" name="itba-TT-701" source="1__Login\1__Gültiger_Login\__init__">
<suite id="s1-s1-s1-s1" name="itba-TC-800" source="1__Login\1__Gültiger_Login\1__Login_mit_korrekten_Benutzerdaten">
<test id="s1-s1-s1-s1-t1" name="itba-TC-800-PC-2621" line="-1">
<kw name="SeleniumLibrary.Close Browser">
<msg timestamp="20220527 10:28:18.524" level="FAIL">No keyword with name 'SeleniumLibrary.Close Browser' found.</msg>
<status status="FAIL" starttime="20220527 10:28:18.524" endtime="20220527 10:28:18.524"/>
</kw>
<tag>AnkreufeldTfs</tag>
<tag>RfTag:</tag>
<tag>Smoke</tag>
<tag>TextfeldTfs:l</tag>
<tag>WerteListetTfs:Wert_2</tag>
<status status="FAIL" starttime="20220527 10:28:18.522" endtime="20220527 10:28:18.526">No keyword with name 'SeleniumLibrary.Close Browser' found.</status>
</test>
<meta name="Name">Login mit korrekten Benutzerdaten</meta>
<meta name="Numbering">1.1.1</meta>
<meta name="UniqueID">itba-TC-800</meta>
<status status="FAIL" starttime="20220527 10:28:18.507" endtime="20220527 10:28:18.528"/>
</suite>
<meta name="Numbering">1.1</meta>
<meta name="Specification Status">Planned</meta>
<meta name="UniqueID">itba-TT-701</meta>
<status status="FAIL" starttime="20220527 10:28:18.504" endtime="20220527 10:28:18.537"/>
</suite>
<suite id="s1-s1-s2" name="itba-TT-702" source="1__Login\2__Ungültiger_Login\__init__">
<suite id="s1-s1-s2-s1" name="itba-TC-804" source="1__Login\2__Ungültiger_Login\1__Login_mit_falschem_Benutzernamen">
<test id="s1-s1-s2-s1-t1" name="itba-TC-804-PC-2627" line="-1">
<kw name="SeleniumLibrary.Close Browser">
<msg timestamp="20220527 10:28:18.560" level="FAIL">No keyword with name 'SeleniumLibrary.Close Browser' found.</msg>
<status status="FAIL" starttime="20220527 10:28:18.560" endtime="20220527 10:28:18.560"/>
</kw>
<tag>AnkreufeldTfs</tag>
<tag>RfTag:</tag>
<tag>Smoke</tag>
<tag>TextfeldTfs:lö</tag>
<tag>WerteListetTfs:Wert_1</tag>
<status status="FAIL" starttime="20220527 10:28:18.557" endtime="20220527 10:28:18.561">No keyword with name 'SeleniumLibrary.Close Browser' found.</status>
</test>
<meta name="Name">Login mit falschem Benutzernamen</meta>
<meta name="Numbering">1.2.1</meta>
<meta name="UniqueID">itba-TC-804</meta>
<status status="FAIL" starttime="20220527 10:28:18.543" endtime="20220527 10:28:18.568"/>
</suite>
<suite id="s1-s1-s2-s2" name="itba-TC-803" source="1__Login\2__Ungültiger_Login\2__Login_mit_falschem_Passwort">
<test id="s1-s1-s2-s2-t1" name="itba-TC-803-PC-2626" line="-1">
<kw name="SeleniumLibrary.Close Browser">
<msg timestamp="20220527 10:28:18.588" level="FAIL">No keyword with name 'SeleniumLibrary.Close Browser' found.</msg>
<status status="FAIL" starttime="20220527 10:28:18.588" endtime="20220527 10:28:18.588"/>
</kw>
<tag>AnkreufeldTfs</tag>
<tag>RfTag:</tag>
<tag>Smoke</tag>
<tag>TextfeldTfs:löäl</tag>
<tag>WerteListetTfs:Wert_2</tag>
<status status="FAIL" starttime="20220527 10:28:18.585" endtime="20220527 10:28:18.589">No keyword with name 'SeleniumLibrary.Close Browser' found.</status>
</test>
<meta name="Name">Login mit falschem Passwort</meta>
<meta name="Numbering">1.2.2</meta>
<meta name="UniqueID">itba-TC-803</meta>
<status status="FAIL" starttime="20220527 10:28:18.571" endtime="20220527 10:28:18.591"/>
</suite>
<meta name="Numbering">1.2</meta>
<meta name="Specification Status">Planned</meta>
<meta name="UniqueID">itba-TT-702</meta>
<status status="FAIL" starttime="20220527 10:28:18.540" endtime="20220527 10:28:18.593"/>
</suite>
<suite id="s1-s1-s3" name="itba-TT-702" source="1__Login\2__Ungültiger_Login\__init__">
<suite id="s1-s1-s3-s1" name="itba-TC-804" source="1__Login\2__Ungültiger_Login\1__Login_mit_falschem_Benutzernamen">
<test id="s1-s1-s3-s1-t1" name="itba-TC-804-PC-2627" line="-1">
<kw name="SeleniumLibrary.Close Browser">
<msg timestamp="20220527 10:28:18.618" level="FAIL">No keyword with name 'SeleniumLibrary.Close Browser' found.</msg>
<status status="FAIL" starttime="20220527 10:28:18.618" endtime="20220527 10:28:18.618"/>
</kw>
<tag>AnkreufeldTfs</tag>
<tag>RfTag:</tag>
<tag>Smoke</tag>
<tag>TextfeldTfs:lö</tag>
<tag>WerteListetTfs:Wert_1</tag>
<status status="FAIL" starttime="20220527 10:28:18.614" endtime="20220527 10:28:18.619">No keyword with name 'SeleniumLibrary.Close Browser' found.</status>
</test>
<meta name="Name">Login mit falschem Benutzernamen</meta>
<meta name="Numbering">1.2.1</meta>
<meta name="UniqueID">itba-TC-804</meta>
<status status="FAIL" starttime="20220527 10:28:18.603" endtime="20220527 10:28:18.622"/>
</suite>
<suite id="s1-s1-s3-s2" name="itba-TC-803" source="1__Login\2__Ungültiger_Login\2__Login_mit_falschem_Passwort">
<test id="s1-s1-s3-s2-t1" name="itba-TC-803-PC-2626" line="-1">
<kw name="SeleniumLibrary.Close Browser">
<msg timestamp="20220527 10:28:18.640" level="FAIL">No keyword with name 'SeleniumLibrary.Close Browser' found.</msg>
<status status="FAIL" starttime="20220527 10:28:18.640" endtime="20220527 10:28:18.640"/>
</kw>
<tag>AnkreufeldTfs</tag>
<tag>RfTag:</tag>
<tag>Smoke</tag>
<tag>TextfeldTfs:löäl</tag>
<tag>WerteListetTfs:Wert_2</tag>
<status status="FAIL" starttime="20220527 10:28:18.639" endtime="20220527 10:28:18.642">No keyword with name 'SeleniumLibrary.Close Browser' found.</status>
</test>
<meta name="Name">Login mit falschem Passwort</meta>
<meta name="Numbering">1.2.2</meta>
<meta name="UniqueID">itba-TC-803</meta>
<status status="FAIL" starttime="20220527 10:28:18.626" endtime="20220527 10:28:18.643"/>
</suite>
<meta name="Numbering">1.2</meta>
<meta name="Specification Status">Planned</meta>
<meta name="UniqueID">itba-TT-702</meta>
<status status="FAIL" starttime="20220527 10:28:18.599" endtime="20220527 10:28:18.646"/>
</suite>
<meta name="Numbering">1</meta>
<meta name="Specification Status">Planned</meta>
<meta name="UniqueID">itba-TT-602</meta>
<status status="FAIL" starttime="20220527 10:28:18.502" endtime="20220527 10:28:18.651"/>
</suite>
<suite id="s1-s2" name="itba-TT-602" source="1__Login\__init__">
<suite id="s1-s2-s1" name="itba-TT-701" source="1__Login\1__Gültiger_Login\__init__">
<suite id="s1-s2-s1-s1" name="itba-TC-800" source="1__Login\1__Gültiger_Login\1__Login_mit_korrekten_Benutzerdaten">
<test id="s1-s2-s1-s1-t1" name="itba-TC-800-PC-2621" line="-1">
<kw name="SeleniumLibrary.Close Browser">
<msg timestamp="20220527 10:28:18.677" level="FAIL">No keyword with name 'SeleniumLibrary.Close Browser' found.</msg>
<status status="FAIL" starttime="20220527 10:28:18.676" endtime="20220527 10:28:18.677"/>
</kw>
<tag>AnkreufeldTfs</tag>
<tag>RfTag:</tag>
<tag>Smoke</tag>
<tag>TextfeldTfs:l</tag>
<tag>WerteListetTfs:Wert_2</tag>
<status status="FAIL" starttime="20220527 10:28:18.675" endtime="20220527 10:28:18.677">No keyword with name 'SeleniumLibrary.Close Browser' found.</status>
</test>
<meta name="Name">Login mit korrekten Benutzerdaten</meta>
<meta name="Numbering">1.1.1</meta>
<meta name="UniqueID">itba-TC-800</meta>
<status status="FAIL" starttime="20220527 10:28:18.660" endtime="20220527 10:28:18.679"/>
</suite>
<meta name="Numbering">1.1</meta>
<meta name="Specification Status">Planned</meta>
<meta name="UniqueID">itba-TT-701</meta>
<status status="FAIL" starttime="20220527 10:28:18.658" endtime="20220527 10:28:18.682"/>
</suite>
<suite id="s1-s2-s2" name="itba-TT-702" source="1__Login\2__Ungültiger_Login\__init__">
<suite id="s1-s2-s2-s1" name="itba-TC-804" source="1__Login\2__Ungültiger_Login\1__Login_mit_falschem_Benutzernamen">
<test id="s1-s2-s2-s1-t1" name="itba-TC-804-PC-2627" line="-1">
<kw name="SeleniumLibrary.Close Browser">
<msg timestamp="20220527 10:28:18.705" level="FAIL">No keyword with name 'SeleniumLibrary.Close Browser' found.</msg>
<status status="FAIL" starttime="20220527 10:28:18.705" endtime="20220527 10:28:18.705"/>
</kw>
<tag>AnkreufeldTfs</tag>
<tag>RfTag:</tag>
<tag>Smoke</tag>
<tag>TextfeldTfs:lö</tag>
<tag>WerteListetTfs:Wert_1</tag>
<status status="FAIL" starttime="20220527 10:28:18.701" endtime="20220527 10:28:18.706">No keyword with name 'SeleniumLibrary.Close Browser' found.</status>
</test>
<meta name="Name">Login mit falschem Benutzernamen</meta>
<meta name="Numbering">1.2.1</meta>
<meta name="UniqueID">itba-TC-804</meta>
<status status="FAIL" starttime="20220527 10:28:18.689" endtime="20220527 10:28:18.709"/>
</suite>
<suite id="s1-s2-s2-s2" name="itba-TC-803" source="1__Login\2__Ungültiger_Login\2__Login_mit_falschem_Passwort">
<test id="s1-s2-s2-s2-t1" name="itba-TC-803-PC-2626" line="-1">
<kw name="SeleniumLibrary.Close Browser">
<msg timestamp="20220527 10:28:18.726" level="FAIL">No keyword with name 'SeleniumLibrary.Close Browser' found.</msg>
<status status="FAIL" starttime="20220527 10:28:18.726" endtime="20220527 10:28:18.726"/>
</kw>
<tag>AnkreufeldTfs</tag>
<tag>RfTag:</tag>
<tag>Smoke</tag>
<tag>TextfeldTfs:löäl</tag>
<tag>WerteListetTfs:Wert_2</tag>
<status status="FAIL" starttime="20220527 10:28:18.724" endtime="20220527 10:28:18.726">No keyword with name 'SeleniumLibrary.Close Browser' found.</status>
</test>
<meta name="Name">Login mit falschem Passwort</meta>
<meta name="Numbering">1.2.2</meta>
<meta name="UniqueID">itba-TC-803</meta>
<status status="FAIL" starttime="20220527 10:28:18.711" endtime="20220527 10:28:18.728"/>
</suite>
<meta name="Numbering">1.2</meta>
<meta name="Specification Status">Planned</meta>
<meta name="UniqueID">itba-TT-702</meta>
<status status="FAIL" starttime="20220527 10:28:18.685" endtime="20220527 10:28:18.731"/>
</suite>
<suite id="s1-s2-s3" name="itba-TT-702" source="1__Login\2__Ungültiger_Login\__init__">
<suite id="s1-s2-s3-s1" name="itba-TC-804" source="1__Login\2__Ungültiger_Login\1__Login_mit_falschem_Benutzernamen">
<test id="s1-s2-s3-s1-t1" name="itba-TC-804-PC-2627" line="-1">
<kw name="SeleniumLibrary.Close Browser">
<msg timestamp="20220527 10:28:18.757" level="FAIL">No keyword with name 'SeleniumLibrary.Close Browser' found.</msg>
<status status="FAIL" starttime="20220527 10:28:18.757" endtime="20220527 10:28:18.757"/>
</kw>
<tag>AnkreufeldTfs</tag>
<tag>RfTag:</tag>
<tag>Smoke</tag>
<tag>TextfeldTfs:lö</tag>
<tag>WerteListetTfs:Wert_1</tag>
<status status="FAIL" starttime="20220527 10:28:18.754" endtime="20220527 10:28:18.758">No keyword with name 'SeleniumLibrary.Close Browser' found.</status>
</test>
<meta name="Name">Login mit falschem Benutzernamen</meta>
<meta name="Numbering">1.2.1</meta>
<meta name="UniqueID">itba-TC-804</meta>
<status status="FAIL" starttime="20220527 10:28:18.740" endtime="20220527 10:28:18.761"/>
</suite>
<suite id="s1-s2-s3-s2" name="itba-TC-803" source="1__Login\2__Ungültiger_Login\2__Login_mit_falschem_Passwort">
<test id="s1-s2-s3-s2-t1" name="itba-TC-803-PC-2626" line="-1">
<kw name="SeleniumLibrary.Close Browser">
<msg timestamp="20220527 10:28:18.785" level="FAIL">No keyword with name 'SeleniumLibrary.Close Browser' found.</msg>
<status status="FAIL" starttime="20220527 10:28:18.785" endtime="20220527 10:28:18.785"/>
</kw>
<tag>AnkreufeldTfs</tag>
<tag>RfTag:</tag>
<tag>Smoke</tag>
<tag>TextfeldTfs:löäl</tag>
<tag>WerteListetTfs:Wert_2</tag>
<status status="FAIL" starttime="20220527 10:28:18.778" endtime="20220527 10:28:18.787">No keyword with name 'SeleniumLibrary.Close Browser' found.</status>
</test>
<meta name="Name">Login mit falschem Passwort</meta>
<meta name="Numbering">1.2.2</meta>
<meta name="UniqueID">itba-TC-803</meta>
<status status="FAIL" starttime="20220527 10:28:18.766" endtime="20220527 10:28:18.793"/>
</suite>
<meta name="Numbering">1.2</meta>
<meta name="Specification Status">Planned</meta>
<meta name="UniqueID">itba-TT-702</meta>
<status status="FAIL" starttime="20220527 10:28:18.737" endtime="20220527 10:28:18.796"/>
</suite>
<meta name="Numbering">1</meta>
<meta name="Specification Status">Planned</meta>
<meta name="UniqueID">itba-TT-602</meta>
<status status="FAIL" starttime="20220527 10:28:18.652" endtime="20220527 10:28:18.800"/>
</suite>
<suite id="s1-s3" name="itba-TT-602" source="1__Login\__init__">
<suite id="s1-s3-s1" name="itba-TT-701" source="1__Login\1__Gültiger_Login\__init__">
<suite id="s1-s3-s1-s1" name="itba-TC-800" source="1__Login\1__Gültiger_Login\1__Login_mit_korrekten_Benutzerdaten">
<test id="s1-s3-s1-s1-t1" name="itba-TC-800-PC-2621" line="-1">
<kw name="SeleniumLibrary.Close Browser">
<msg timestamp="20220527 10:28:18.825" level="FAIL">No keyword with name 'SeleniumLibrary.Close Browser' found.</msg>
<status status="FAIL" starttime="20220527 10:28:18.825" endtime="20220527 10:28:18.825"/>
</kw>
<tag>AnkreufeldTfs</tag>
<tag>RfTag:</tag>
<tag>Smoke</tag>
<tag>TextfeldTfs:l</tag>
<tag>WerteListetTfs:Wert_2</tag>
<status status="FAIL" starttime="20220527 10:28:18.823" endtime="20220527 10:28:18.826">No keyword with name 'SeleniumLibrary.Close Browser' found.</status>
</test>
<meta name="Name">Login mit korrekten Benutzerdaten</meta>
<meta name="Numbering">1.1.1</meta>
<meta name="UniqueID">itba-TC-800</meta>
<status status="FAIL" starttime="20220527 10:28:18.808" endtime="20220527 10:28:18.830"/>
</suite>
<meta name="Numbering">1.1</meta>
<meta name="Specification Status">Planned</meta>
<meta name="UniqueID">itba-TT-701</meta>
<status status="FAIL" starttime="20220527 10:28:18.806" endtime="20220527 10:28:18.835"/>
</suite>
<suite id="s1-s3-s2" name="itba-TT-702" source="1__Login\2__Ungültiger_Login\__init__">
<suite id="s1-s3-s2-s1" name="itba-TC-804" source="1__Login\2__Ungültiger_Login\1__Login_mit_falschem_Benutzernamen">
<test id="s1-s3-s2-s1-t1" name="itba-TC-804-PC-2627" line="-1">
<kw name="SeleniumLibrary.Close Browser">
<msg timestamp="20220527 10:28:18.864" level="FAIL">No keyword with name 'SeleniumLibrary.Close Browser' found.</msg>
<status status="FAIL" starttime="20220527 10:28:18.864" endtime="20220527 10:28:18.864"/>
</kw>
<tag>AnkreufeldTfs</tag>
<tag>RfTag:</tag>
<tag>Smoke</tag>
<tag>TextfeldTfs:lö</tag>
<tag>WerteListetTfs:Wert_1</tag>
<status status="FAIL" starttime="20220527 10:28:18.858" endtime="20220527 10:28:18.866">No keyword with name 'SeleniumLibrary.Close Browser' found.</status>
</test>
<meta name="Name">Login mit falschem Benutzernamen</meta>
<meta name="Numbering">1.2.1</meta>
<meta name="UniqueID">itba-TC-804</meta>
<status status="FAIL" starttime="20220527 10:28:18.841" endtime="20220527 10:28:18.869"/>
</suite>
<suite id="s1-s3-s2-s2" name="itba-TC-803" source="1__Login\2__Ungültiger_Login\2__Login_mit_falschem_Passwort">
<test id="s1-s3-s2-s2-t1" name="itba-TC-803-PC-2626" line="-1">
<kw name="SeleniumLibrary.Close Browser">
<msg timestamp="20220527 10:28:18.890" level="FAIL">No keyword with name 'SeleniumLibrary.Close Browser' found.</msg>
<status status="FAIL" starttime="20220527 10:28:18.889" endtime="20220527 10:28:18.890"/>
</kw>
<tag>AnkreufeldTfs</tag>
<tag>RfTag:</tag>
<tag>Smoke</tag>
<tag>TextfeldTfs:löäl</tag>
<tag>WerteListetTfs:Wert_2</tag>
<status status="FAIL" starttime="20220527 10:28:18.887" endtime="20220527 10:28:18.893">No keyword with name 'SeleniumLibrary.Close Browser' found.</status>
</test>
<meta name="Name">Login mit falschem Passwort</meta>
<meta name="Numbering">1.2.2</meta>
<meta name="UniqueID">itba-TC-803</meta>
<status status="FAIL" starttime="20220527 10:28:18.871" endtime="20220527 10:28:18.895"/>
</suite>
<meta name="Numbering">1.2</meta>
<meta name="Specification Status">Planned</meta>
<meta name="UniqueID">itba-TT-702</meta>
<status status="FAIL" starttime="20220527 10:28:18.838" endtime="20220527 10:28:18.901"/>
</suite>
<suite id="s1-s3-s3" name="itba-TT-702" source="1__Login\2__Ungültiger_Login\__init__">
<suite id="s1-s3-s3-s1" name="itba-TC-804" source="1__Login\2__Ungültiger_Login\1__Login_mit_falschem_Benutzernamen">
<test id="s1-s3-s3-s1-t1" name="itba-TC-804-PC-2627" line="-1">
<kw name="SeleniumLibrary.Close Browser">
<msg timestamp="20220527 10:28:18.926" level="FAIL">No keyword with name 'SeleniumLibrary.Close Browser' found.</msg>
<status status="FAIL" starttime="20220527 10:28:18.926" endtime="20220527 10:28:18.926"/>
</kw>
<tag>AnkreufeldTfs</tag>
<tag>RfTag:</tag>
<tag>Smoke</tag>
<tag>TextfeldTfs:lö</tag>
<tag>WerteListetTfs:Wert_1</tag>
<status status="FAIL" starttime="20220527 10:28:18.921" endtime="20220527 10:28:18.927">No keyword with name 'SeleniumLibrary.Close Browser' found.</status>
</test>
<meta name="Name">Login mit falschem Benutzernamen</meta>
<meta name="Numbering">1.2.1</meta>
<meta name="UniqueID">itba-TC-804</meta>
<status status="FAIL" starttime="20220527 10:28:18.908" endtime="20220527 10:28:18.930"/>
</suite>
<suite id="s1-s3-s3-s2" name="itba-TC-803" source="1__Login\2__Ungültiger_Login\2__Login_mit_falschem_Passwort">
<test id="s1-s3-s3-s2-t1" name="itba-TC-803-PC-2626" line="-1">
<kw name="SeleniumLibrary.Close Browser">
<msg timestamp="20220527 10:28:18.950" level="FAIL">No keyword with name 'SeleniumLibrary.Close Browser' found.</msg>
<status status="FAIL" starttime="20220527 10:28:18.949" endtime="20220527 10:28:18.950"/>
</kw>
<tag>AnkreufeldTfs</tag>
<tag>RfTag:</tag>
<tag>Smoke</tag>
<tag>TextfeldTfs:löäl</tag>
<tag>WerteListetTfs:Wert_2</tag>
<status status="FAIL" starttime="20220527 10:28:18.946" endtime="20220527 10:28:18.951">No keyword with name 'SeleniumLibrary.Close Browser' found.</status>
</test>
<meta name="Name">Login mit falschem Passwort</meta>
<meta name="Numbering">1.2.2</meta>
<meta name="UniqueID">itba-TC-803</meta>
<status status="FAIL" starttime="20220527 10:28:18.934" endtime="20220527 10:28:18.952"/>
</suite>
<meta name="Numbering">1.2</meta>
<meta name="Specification Status">Planned</meta>
<meta name="UniqueID">itba-TT-702</meta>
<status status="FAIL" starttime="20220527 10:28:18.904" endtime="20220527 10:28:18.957"/>
</suite>
<meta name="Numbering">1</meta>
<meta name="Specification Status">Planned</meta>
<meta name="UniqueID">itba-TT-602</meta>
<status status="FAIL" starttime="20220527 10:28:18.803" endtime="20220527 10:28:18.959"/>
</suite>
<status status="FAIL" starttime="20220527 10:28:18.450" endtime="20220527 10:28:18.962"/>
</suite>
<statistics>
<total>
<stat pass="0" fail="15" skip="0">All Tests</stat>
</total>
<tag>
<stat pass="0" fail="15" skip="0">AnkreufeldTfs</stat>
<stat pass="0" fail="15" skip="0">RfTag:</stat>
<stat pass="0" fail="15" skip="0">Smoke</stat>
<stat pass="0" fail="3" skip="0">TextfeldTfs:l</stat>
<stat pass="0" fail="6" skip="0">TextfeldTfs:lö</stat>
<stat pass="0" fail="6" skip="0">TextfeldTfs:löäl</stat>
<stat pass="0" fail="6" skip="0">WerteListetTfs:Wert_1</stat>
<stat pass="0" fail="9" skip="0">WerteListetTfs:Wert_2</stat>
</tag>
<suite>
<stat pass="0" fail="15" skip="0" id="s1" name="itba-TT-602 &amp; itba-TT-602 &amp; itba-TT-602">itba-TT-602 &amp; itba-TT-602 &amp; itba-TT-602</stat>
<stat pass="0" fail="5" skip="0" id="s1-s1" name="itba-TT-602">itba-TT-602 &amp; itba-TT-602 &amp; itba-TT-602.itba-TT-602</stat>
<stat pass="0" fail="1" skip="0" id="s1-s1-s1" name="itba-TT-701">itba-TT-602 &amp; itba-TT-602 &amp; itba-TT-602.itba-TT-602.itba-TT-701</stat>
<stat pass="0" fail="1" skip="0" id="s1-s1-s1-s1" name="itba-TC-800">itba-TT-602 &amp; itba-TT-602 &amp; itba-TT-602.itba-TT-602.itba-TT-701.itba-TC-800</stat>
<stat pass="0" fail="2" skip="0" id="s1-s1-s2" name="itba-TT-702">itba-TT-602 &amp; itba-TT-602 &amp; itba-TT-602.itba-TT-602.itba-TT-702</stat>
<stat pass="0" fail="1" skip="0" id="s1-s1-s2-s1" name="itba-TC-804">itba-TT-602 &amp; itba-TT-602 &amp; itba-TT-602.itba-TT-602.itba-TT-702.itba-TC-804</stat>
<stat pass="0" fail="1" skip="0" id="s1-s1-s2-s2" name="itba-TC-803">itba-TT-602 &amp; itba-TT-602 &amp; itba-TT-602.itba-TT-602.itba-TT-702.itba-TC-803</stat>
<stat pass="0" fail="2" skip="0" id="s1-s1-s3" name="itba-TT-702">itba-TT-602 &amp; itba-TT-602 &amp; itba-TT-602.itba-TT-602.itba-TT-702</stat>
<stat pass="0" fail="1" skip="0" id="s1-s1-s3-s1" name="itba-TC-804">itba-TT-602 &amp; itba-TT-602 &amp; itba-TT-602.itba-TT-602.itba-TT-702.itba-TC-804</stat>
<stat pass="0" fail="1" skip="0" id="s1-s1-s3-s2" name="itba-TC-803">itba-TT-602 &amp; itba-TT-602 &amp; itba-TT-602.itba-TT-602.itba-TT-702.itba-TC-803</stat>
<stat pass="0" fail="5" skip="0" id="s1-s2" name="itba-TT-602">itba-TT-602 &amp; itba-TT-602 &amp; itba-TT-602.itba-TT-602</stat>
<stat pass="0" fail="1" skip="0" id="s1-s2-s1" name="itba-TT-701">itba-TT-602 &amp; itba-TT-602 &amp; itba-TT-602.itba-TT-602.itba-TT-701</stat>
<stat pass="0" fail="1" skip="0" id="s1-s2-s1-s1" name="itba-TC-800">itba-TT-602 &amp; itba-TT-602 &amp; itba-TT-602.itba-TT-602.itba-TT-701.itba-TC-800</stat>
<stat pass="0" fail="2" skip="0" id="s1-s2-s2" name="itba-TT-702">itba-TT-602 &amp; itba-TT-602 &amp; itba-TT-602.itba-TT-602.itba-TT-702</stat>
<stat pass="0" fail="1" skip="0" id="s1-s2-s2-s1" name="itba-TC-804">itba-TT-602 &amp; itba-TT-602 &amp; itba-TT-602.itba-TT-602.itba-TT-702.itba-TC-804</stat>
<stat pass="0" fail="1" skip="0" id="s1-s2-s2-s2" name="itba-TC-803">itba-TT-602 &amp; itba-TT-602 &amp; itba-TT-602.itba-TT-602.itba-TT-702.itba-TC-803</stat>
<stat pass="0" fail="2" skip="0" id="s1-s2-s3" name="itba-TT-702">itba-TT-602 &amp; itba-TT-602 &amp; itba-TT-602.itba-TT-602.itba-TT-702</stat>
<stat pass="0" fail="1" skip="0" id="s1-s2-s3-s1" name="itba-TC-804">itba-TT-602 &amp; itba-TT-602 &amp; itba-TT-602.itba-TT-602.itba-TT-702.itba-TC-804</stat>
<stat pass="0" fail="1" skip="0" id="s1-s2-s3-s2" name="itba-TC-803">itba-TT-602 &amp; itba-TT-602 &amp; itba-TT-602.itba-TT-602.itba-TT-702.itba-TC-803</stat>
<stat pass="0" fail="5" skip="0" id="s1-s3" name="itba-TT-602">itba-TT-602 &amp; itba-TT-602 &amp; itba-TT-602.itba-TT-602</stat>
<stat pass="0" fail="1" skip="0" id="s1-s3-s1" name="itba-TT-701">itba-TT-602 &amp; itba-TT-602 &amp; itba-TT-602.itba-TT-602.itba-TT-701</stat>
<stat pass="0" fail="1" skip="0" id="s1-s3-s1-s1" name="itba-TC-800">itba-TT-602 &amp; itba-TT-602 &amp; itba-TT-602.itba-TT-602.itba-TT-701.itba-TC-800</stat>
<stat pass="0" fail="2" skip="0" id="s1-s3-s2" name="itba-TT-702">itba-TT-602 &amp; itba-TT-602 &amp; itba-TT-602.itba-TT-602.itba-TT-702</stat>
<stat pass="0" fail="1" skip="0" id="s1-s3-s2-s1" name="itba-TC-804">itba-TT-602 &amp; itba-TT-602 &amp; itba-TT-602.itba-TT-602.itba-TT-702.itba-TC-804</stat>
<stat pass="0" fail="1" skip="0" id="s1-s3-s2-s2" name="itba-TC-803">itba-TT-602 &amp; itba-TT-602 &amp; itba-TT-602.itba-TT-602.itba-TT-702.itba-TC-803</stat>
<stat pass="0" fail="2" skip="0" id="s1-s3-s3" name="itba-TT-702">itba-TT-602 &amp; itba-TT-602 &amp; itba-TT-602.itba-TT-602.itba-TT-702</stat>
<stat pass="0" fail="1" skip="0" id="s1-s3-s3-s1" name="itba-TC-804">itba-TT-602 &amp; itba-TT-602 &amp; itba-TT-602.itba-TT-602.itba-TT-702.itba-TC-804</stat>
<stat pass="0" fail="1" skip="0" id="s1-s3-s3-s2" name="itba-TC-803">itba-TT-602 &amp; itba-TT-602 &amp; itba-TT-602.itba-TT-602.itba-TT-702.itba-TC-803</stat>
</suite>
</statistics>
<errors>
<msg timestamp="20220527 10:28:18.509" level="ERROR">Error in file '1__Login\1__Gültiger_Login\1__Login_mit_korrekten_Benutzerdaten' on line -1: Variable file 'myVars.py' does not exist.</msg>
<msg timestamp="20220527 10:28:18.511" level="ERROR">Error in file '1__Login\1__Gültiger_Login\1__Login_mit_korrekten_Benutzerdaten' on line -1: Importing library 'Remote    http://127.0.0.1:8270       WITH NAME    SuperRemoteLibrary' failed: ModuleNotFoundError: No module named 'Remote    http://127'
Traceback (most recent call last):
  None
PYTHONPATH:
  E:\Projekte\TB2Robot\testbench2robotframework\build\lib
  E:\Software\Python\Python37\python37.zip
  E:\Software\Python\Python37\DLLs
  E:\Software\Python\Python37\lib
  E:\Software\Python\Python37
  E:\Software\Python\Python37\lib\site-packages</msg>
<msg timestamp="20220527 10:28:18.514" level="ERROR">Error in file '1__Login\1__Gültiger_Login\1__Login_mit_korrekten_Benutzerdaten' on line -1: Importing library 'SeleniumLibrary    timeout=10    implicit_wait=1    run_on_failure=Capture Page Screenshot' failed: ModuleNotFoundError: No module named 'SeleniumLibrary    timeout=10    implicit_wait=1    run_on_failure=Capture Page Screenshot'
Traceback (most recent call last):
  None
PYTHONPATH:
  E:\Projekte\TB2Robot\testbench2robotframework\build\lib
  E:\Software\Python\Python37\python37.zip
  E:\Software\Python\Python37\DLLs
  E:\Software\Python\Python37\lib
  E:\Software\Python\Python37
  E:\Software\Python\Python37\lib\site-packages</msg>
<msg timestamp="20220527 10:28:18.519" level="ERROR">Error in file '1__Login\1__Gültiger_Login\1__Login_mit_korrekten_Benutzerdaten' on line -1: Resource file '..\..\..\Resources\technical_keywords.resource.resource' does not exist.</msg>
<msg timestamp="20220527 10:28:18.546" level="ERROR">Error in file '1__Login\2__Ungültiger_Login\1__Login_mit_falschem_Benutzernamen' on line -1: Variable file 'myVars.py' does not exist.</msg>
<msg timestamp="20220527 10:28:18.551" level="ERROR">Error in file '1__Login\2__Ungültiger_Login\1__Login_mit_falschem_Benutzernamen' on line -1: Importing library 'Remote    http://127.0.0.1:8270       WITH NAME    SuperRemoteLibrary' failed: ModuleNotFoundError: No module named 'Remote    http://127'
Traceback (most recent call last):
  None
PYTHONPATH:
  E:\Projekte\TB2Robot\testbench2robotframework\build\lib
  E:\Software\Python\Python37\python37.zip
  E:\Software\Python\Python37\DLLs
  E:\Software\Python\Python37\lib
  E:\Software\Python\Python37
  E:\Software\Python\Python37\lib\site-packages</msg>
<msg timestamp="20220527 10:28:18.553" level="ERROR">Error in file '1__Login\2__Ungültiger_Login\1__Login_mit_falschem_Benutzernamen' on line -1: Importing library 'SeleniumLibrary    timeout=10    implicit_wait=1    run_on_failure=Capture Page Screenshot' failed: ModuleNotFoundError: No module named 'SeleniumLibrary    timeout=10    implicit_wait=1    run_on_failure=Capture Page Screenshot'
Traceback (most recent call last):
  None
PYTHONPATH:
  E:\Projekte\TB2Robot\testbench2robotframework\build\lib
  E:\Software\Python\Python37\python37.zip
  E:\Software\Python\Python37\DLLs
  E:\Software\Python\Python37\lib
  E:\Software\Python\Python37
  E:\Software\Python\Python37\lib\site-packages</msg>
<msg timestamp="20220527 10:28:18.555" level="ERROR">Error in file '1__Login\2__Ungültiger_Login\1__Login_mit_falschem_Benutzernamen' on line -1: Resource file '..\..\..\Resources\technical_keywords.resource.resource' does not exist.</msg>
<msg timestamp="20220527 10:28:18.573" level="ERROR">Error in file '1__Login\2__Ungültiger_Login\2__Login_mit_falschem_Passwort' on line -1: Variable file 'myVars.py' does not exist.</msg>
<msg timestamp="20220527 10:28:18.575" level="ERROR">Error in file '1__Login\2__Ungültiger_Login\2__Login_mit_falschem_Passwort' on line -1: Importing library 'Remote    http://127.0.0.1:8270       WITH NAME    SuperRemoteLibrary' failed: ModuleNotFoundError: No module named 'Remote    http://127'
Traceback (most recent call last):
  None
PYTHONPATH:
  E:\Projekte\TB2Robot\testbench2robotframework\build\lib
  E:\Software\Python\Python37\python37.zip
  E:\Software\Python\Python37\DLLs
  E:\Software\Python\Python37\lib
  E:\Software\Python\Python37
  E:\Software\Python\Python37\lib\site-packages</msg>
<msg timestamp="20220527 10:28:18.578" level="ERROR">Error in file '1__Login\2__Ungültiger_Login\2__Login_mit_falschem_Passwort' on line -1: Importing library 'SeleniumLibrary    timeout=10    implicit_wait=1    run_on_failure=Capture Page Screenshot' failed: ModuleNotFoundError: No module named 'SeleniumLibrary    timeout=10    implicit_wait=1    run_on_failure=Capture Page Screenshot'
Traceback (most recent call last):
  None
PYTHONPATH:
  E:\Projekte\TB2Robot\testbench2robotframework\build\lib
  E:\Software\Python\Python37\python37.zip
  E:\Software\Python\Python37\DLLs
  E:\Software\Python\Python37\lib
  E:\Software\Python\Python37
  E:\Software\Python\Python37\lib\site-packages</msg>
<msg timestamp="20220527 10:28:18.581" level="ERROR">Error in file '1__Login\2__Ungültiger_Login\2__Login_mit_falschem_Passwort' on line -1: Resource file '..\..\..\Resources\technical_keywords.resource.resource' does not exist.</msg>
<msg timestamp="20220527 10:28:18.598" level="WARN">Multiple suites with name 'itba-TT-702' executed in suite 'itba-TT-602 &amp; itba-TT-602 &amp; itba-TT-602.itba-TT-602'.</msg>
<msg timestamp="20220527 10:28:18.605" level="ERROR">Error in file '1__Login\2__Ungültiger_Login\1__Login_mit_falschem_Benutzernamen' on line -1: Variable file 'myVars.py' does not exist.</msg>
<msg timestamp="20220527 10:28:18.607" level="ERROR">Error in file '1__Login\2__Ungültiger_Login\1__Login_mit_falschem_Benutzernamen' on line -1: Importing library 'Remote    http://127.0.0.1:8270       WITH NAME    SuperRemoteLibrary' failed: ModuleNotFoundError: No module named 'Remote    http://127'
Traceback (most recent call last):
  None
PYTHONPATH:
  E:\Projekte\TB2Robot\testbench2robotframework\build\lib
  E:\Software\Python\Python37\python37.zip
  E:\Software\Python\Python37\DLLs
  E:\Software\Python\Python37\lib
  E:\Software\Python\Python37
  E:\Software\Python\Python37\lib\site-packages</msg>
<msg timestamp="20220527 10:28:18.609" level="ERROR">Error in file '1__Login\2__Ungültiger_Login\1__Login_mit_falschem_Benutzernamen' on line -1: Importing library 'SeleniumLibrary    timeout=10    implicit_wait=1    run_on_failure=Capture Page Screenshot' failed: ModuleNotFoundError: No module named 'SeleniumLibrary    timeout=10    implicit_wait=1    run_on_failure=Capture Page Screenshot'
Traceback (most recent call last):
  None
PYTHONPATH:
  E:\Projekte\TB2Robot\testbench2robotframework\build\lib
  E:\Software\Python\Python37\python37.zip
  E:\Software\Python\Python37\DLLs
  E:\Software\Python\Python37\lib
  E:\Software\Python\Python37
  E:\Software\Python\Python37\lib\site-packages</msg>
<msg timestamp="20220527 10:28:18.612" level="ERROR">Error in file '1__Login\2__Ungültiger_Login\1__Login_mit_falschem_Benutzernamen' on line -1: Resource file '..\..\..\Resources\technical_keywords.resource.resource' does not exist.</msg>
<msg timestamp="20220527 10:28:18.628" level="ERROR">Error in file '1__Login\2__Ungültiger_Login\2__Login_mit_falschem_Passwort' on line -1: Variable file 'myVars.py' does not exist.</msg>
<msg timestamp="20220527 10:28:18.631" level="ERROR">Error in file '1__Login\2__Ungültiger_Login\2__Login_mit_falschem_Passwort' on line -1: Importing library 'Remote    http://127.0.0.1:8270       WITH NAME    SuperRemoteLibrary' failed: ModuleNotFoundError: No module named 'Remote    http://127'
Traceback (most recent call last):
  None
PYTHONPATH:
  E:\Projekte\TB2Robot\testbench2robotframework\build\lib
  E:\Software\Python\Python37\python37.zip
  E:\Software\Python\Python37\DLLs
  E:\Software\Python\Python37\lib
  E:\Software\Python\Python37
  E:\Software\Python\Python37\lib\site-packages</msg>
<msg timestamp="20220527 10:28:18.635" level="ERROR">Error in file '1__Login\2__Ungültiger_Login\2__Login_mit_falschem_Passwort' on line -1: Importing library 'SeleniumLibrary    timeout=10    implicit_wait=1    run_on_failure=Capture Page Screenshot' failed: ModuleNotFoundError: No module named 'SeleniumLibrary    timeout=10    implicit_wait=1    run_on_failure=Capture Page Screenshot'
Traceback (most recent call last):
  None
PYTHONPATH:
  E:\Projekte\TB2Robot\testbench2robotframework\build\lib
  E:\Software\Python\Python37\python37.zip
  E:\Software\Python\Python37\DLLs
  E:\Software\Python\Python37\lib
  E:\Software\Python\Python37
  E:\Software\Python\Python37\lib\site-packages</msg>
<msg timestamp="20220527 10:28:18.636" level="ERROR">Error in file '1__Login\2__Ungültiger_Login\2__Login_mit_falschem_Passwort' on line -1: Resource file '..\..\..\Resources\technical_keywords.resource.resource' does not exist.</msg>
<msg timestamp="20220527 10:28:18.662" level="ERROR">Error in file '1__Login\1__Gültiger_Login\1__Login_mit_korrekten_Benutzerdaten' on line -1: Variable file 'myVars.py' does not exist.</msg>
<msg timestamp="20220527 10:28:18.666" level="ERROR">Error in file '1__Login\1__Gültiger_Login\1__Login_mit_korrekten_Benutzerdaten' on line -1: Importing library 'Remote    http://127.0.0.1:8270       WITH NAME    SuperRemoteLibrary' failed: ModuleNotFoundError: No module named 'Remote    http://127'
Traceback (most recent call last):
  None
PYTHONPATH:
  E:\Projekte\TB2Robot\testbench2robotframework\build\lib
  E:\Software\Python\Python37\python37.zip
  E:\Software\Python\Python37\DLLs
  E:\Software\Python\Python37\lib
  E:\Software\Python\Python37
  E:\Software\Python\Python37\lib\site-packages</msg>
<msg timestamp="20220527 10:28:18.669" level="ERROR">Error in file '1__Login\1__Gültiger_Login\1__Login_mit_korrekten_Benutzerdaten' on line -1: Importing library 'SeleniumLibrary    timeout=10    implicit_wait=1    run_on_failure=Capture Page Screenshot' failed: ModuleNotFoundError: No module named 'SeleniumLibrary    timeout=10    implicit_wait=1    run_on_failure=Capture Page Screenshot'
Traceback (most recent call last):
  None
PYTHONPATH:
  E:\Projekte\TB2Robot\testbench2robotframework\build\lib
  E:\Software\Python\Python37\python37.zip
  E:\Software\Python\Python37\DLLs
  E:\Software\Python\Python37\lib
  E:\Software\Python\Python37
  E:\Software\Python\Python37\lib\site-packages</msg>
<msg timestamp="20220527 10:28:18.670" level="ERROR">Error in file '1__Login\1__Gültiger_Login\1__Login_mit_korrekten_Benutzerdaten' on line -1: Resource file '..\..\..\Resources\technical_keywords.resource.resource' does not exist.</msg>
<msg timestamp="20220527 10:28:18.692" level="ERROR">Error in file '1__Login\2__Ungültiger_Login\1__Login_mit_falschem_Benutzernamen' on line -1: Variable file 'myVars.py' does not exist.</msg>
<msg timestamp="20220527 10:28:18.694" level="ERROR">Error in file '1__Login\2__Ungültiger_Login\1__Login_mit_falschem_Benutzernamen' on line -1: Importing library 'Remote    http://127.0.0.1:8270       WITH NAME    SuperRemoteLibrary' failed: ModuleNotFoundError: No module named 'Remote    http://127'
Traceback (most recent call last):
  None
PYTHONPATH:
  E:\Projekte\TB2Robot\testbench2robotframework\build\lib
  E:\Software\Python\Python37\python37.zip
  E:\Software\Python\Python37\DLLs
  E:\Software\Python\Python37\lib
  E:\Software\Python\Python37
  E:\Software\Python\Python37\lib\site-packages</msg>
<msg timestamp="20220527 10:28:18.696" level="ERROR">Error in file '1__Login\2__Ungültiger_Login\1__Login_mit_falschem_Benutzernamen' on line -1: Importing library 'SeleniumLibrary    timeout=10    implicit_wait=1    run_on_failure=Capture Page Screenshot' failed: ModuleNotFoundError: No module named 'SeleniumLibrary    timeout=10    implicit_wait=1    run_on_failure=Capture Page Screenshot'
Traceback (most recent call last):
  None
PYTHONPATH:
  E:\Projekte\TB2Robot\testbench2robotframework\build\lib
  E:\Software\Python\Python37\python37.zip
  E:\Software\Python\Python37\DLLs
  E:\Software\Python\Python37\lib
  E:\Software\Python\Python37
  E:\Software\Python\Python37\lib\site-packages</msg>
<msg timestamp="20220527 10:28:18.698" level="ERROR">Error in file '1__Login\2__Ungültiger_Login\1__Login_mit_falschem_Benutzernamen' on line -1: Resource file '..\..\..\Resources\technical_keywords.resource.resource' does not exist.</msg>
<msg timestamp="20220527 10:28:18.714" level="ERROR">Error in file '1__Login\2__Ungültiger_Login\2__Login_mit_falschem_Passwort' on line -1: Variable file 'myVars.py' does not exist.</msg>
<msg timestamp="20220527 10:28:18.719" level="ERROR">Error in file '1__Login\2__Ungültiger_Login\2__Login_mit_falschem_Passwort' on line -1: Importing library 'Remote    http://127.0.0.1:8270       WITH NAME    SuperRemoteLibrary' failed: ModuleNotFoundError: No module named 'Remote    http://127'
Traceback (most recent call last):
  None
PYTHONPATH:
  E:\Projekte\TB2Robot\testbench2robotframework\build\lib
  E:\Software\Python\Python37\python37.zip
  E:\Software\Python\Python37\DLLs
  E:\Software\Python\Python37\lib
  E:\Software\Python\Python37
  E:\Software\Python\Python37\lib\site-packages</msg>
<msg timestamp="20220527 10:28:18.721" level="ERROR">Error in file '1__Login\2__Ungültiger_Login\2__Login_mit_falschem_Passwort' on line -1: Importing library 'SeleniumLibrary    timeout=10    implicit_wait=1    run_on_failure=Capture Page Screenshot' failed: ModuleNotFoundError: No module named 'SeleniumLibrary    timeout=10    implicit_wait=1    run_on_failure=Capture Page Screenshot'
Traceback (most recent call last):
  None
PYTHONPATH:
  E:\Projekte\TB2Robot\testbench2robotframework\build\lib
  E:\Software\Python\Python37\python37.zip
  E:\Software\Python\Python37\DLLs
  E:\Software\Python\Python37\lib
  E:\Software\Python\Python37
  E:\Software\Python\Python37\lib\site-packages</msg>
<msg timestamp="20220527 10:28:18.722" level="ERROR">Error in file '1__Login\2__Ungültiger_Login\2__Login_mit_falschem_Passwort' on line -1: Resource file '..\..\..\Resources\technical_keywords.resource.resource' does not exist.</msg>
<msg timestamp="20220527 10:28:18.734" level="WARN">Multiple suites with name 'itba-TT-702' executed in suite 'itba-TT-602 &amp; itba-TT-602 &amp; itba-TT-602.itba-TT-602'.</msg>
<msg timestamp="20220527 10:28:18.742" level="ERROR">Error in file '1__Login\2__Ungültiger_Login\1__Login_mit_falschem_Benutzernamen' on line -1: Variable file 'myVars.py' does not exist.</msg>
<msg timestamp="20220527 10:28:18.744" level="ERROR">Error in file '1__Login\2__Ungültiger_Login\1__Login_mit_falschem_Benutzernamen' on line -1: Importing library 'Remote    http://127.0.0.1:8270       WITH NAME    SuperRemoteLibrary' failed: ModuleNotFoundError: No module named 'Remote    http://127'
Traceback (most recent call last):
  None
PYTHONPATH:
  E:\Projekte\TB2Robot\testbench2robotframework\build\lib
  E:\Software\Python\Python37\python37.zip
  E:\Software\Python\Python37\DLLs
  E:\Software\Python\Python37\lib
  E:\Software\Python\Python37
  E:\Software\Python\Python37\lib\site-packages</msg>
<msg timestamp="20220527 10:28:18.746" level="ERROR">Error in file '1__Login\2__Ungültiger_Login\1__Login_mit_falschem_Benutzernamen' on line -1: Importing library 'SeleniumLibrary    timeout=10    implicit_wait=1    run_on_failure=Capture Page Screenshot' failed: ModuleNotFoundError: No module named 'SeleniumLibrary    timeout=10    implicit_wait=1    run_on_failure=Capture Page Screenshot'
Traceback (most recent call last):
  None
PYTHONPATH:
  E:\Projekte\TB2Robot\testbench2robotframework\build\lib
  E:\Software\Python\Python37\python37.zip
  E:\Software\Python\Python37\DLLs
  E:\Software\Python\Python37\lib
  E:\Software\Python\Python37
  E:\Software\Python\Python37\lib\site-packages</msg>
<msg timestamp="20220527 10:28:18.748" level="ERROR">Error in file '1__Login\2__Ungültiger_Login\1__Login_mit_falschem_Benutzernamen' on line -1: Resource file '..\..\..\Resources\technical_keywords.resource.resource' does not exist.</msg>
<msg timestamp="20220527 10:28:18.770" level="ERROR">Error in file '1__Login\2__Ungültiger_Login\2__Login_mit_falschem_Passwort' on line -1: Variable file 'myVars.py' does not exist.</msg>
<msg timestamp="20220527 10:28:18.773" level="ERROR">Error in file '1__Login\2__Ungültiger_Login\2__Login_mit_falschem_Passwort' on line -1: Importing library 'Remote    http://127.0.0.1:8270       WITH NAME    SuperRemoteLibrary' failed: ModuleNotFoundError: No module named 'Remote    http://127'
Traceback (most recent call last):
  None
PYTHONPATH:
  E:\Projekte\TB2Robot\testbench2robotframework\build\lib
  E:\Software\Python\Python37\python37.zip
  E:\Software\Python\Python37\DLLs
  E:\Software\Python\Python37\lib
  E:\Software\Python\Python37
  E:\Software\Python\Python37\lib\site-packages</msg>
<msg timestamp="20220527 10:28:18.775" level="ERROR">Error in file '1__Login\2__Ungültiger_Login\2__Login_mit_falschem_Passwort' on line -1: Importing library 'SeleniumLibrary    timeout=10    implicit_wait=1    run_on_failure=Capture Page Screenshot' failed: ModuleNotFoundError: No module named 'SeleniumLibrary    timeout=10    implicit_wait=1    run_on_failure=Capture Page Screenshot'
Traceback (most recent call last):
  None
PYTHONPATH:
  E:\Projekte\TB2Robot\testbench2robotframework\build\lib
  E:\Software\Python\Python37\python37.zip
  E:\Software\Python\Python37\DLLs
  E:\Software\Python\Python37\lib
  E:\Software\Python\Python37
  E:\Software\Python\Python37\lib\site-packages</msg>
<msg timestamp="20220527 10:28:18.776" level="ERROR">Error in file '1__Login\2__Ungültiger_Login\2__Login_mit_falschem_Passwort' on line -1: Resource file '..\..\..\Resources\technical_keywords.resource.resource' does not exist.</msg>
<msg timestamp="20220527 10:28:18.810" level="ERROR">Error in file '1__Login\1__Gültiger_Login\1__Login_mit_korrekten_Benutzerdaten' on line -1: Variable file 'myVars.py' does not exist.</msg>
<msg timestamp="20220527 10:28:18.814" level="ERROR">Error in file '1__Login\1__Gültiger_Login\1__Login_mit_korrekten_Benutzerdaten' on line -1: Importing library 'Remote    http://127.0.0.1:8270       WITH NAME    SuperRemoteLibrary' failed: ModuleNotFoundError: No module named 'Remote    http://127'
Traceback (most recent call last):
  None
PYTHONPATH:
  E:\Projekte\TB2Robot\testbench2robotframework\build\lib
  E:\Software\Python\Python37\python37.zip
  E:\Software\Python\Python37\DLLs
  E:\Software\Python\Python37\lib
  E:\Software\Python\Python37
  E:\Software\Python\Python37\lib\site-packages</msg>
<msg timestamp="20220527 10:28:18.818" level="ERROR">Error in file '1__Login\1__Gültiger_Login\1__Login_mit_korrekten_Benutzerdaten' on line -1: Importing library 'SeleniumLibrary    timeout=10    implicit_wait=1    run_on_failure=Capture Page Screenshot' failed: ModuleNotFoundError: No module named 'SeleniumLibrary    timeout=10    implicit_wait=1    run_on_failure=Capture Page Screenshot'
Traceback (most recent call last):
  None
PYTHONPATH:
  E:\Projekte\TB2Robot\testbench2robotframework\build\lib
  E:\Software\Python\Python37\python37.zip
  E:\Software\Python\Python37\DLLs
  E:\Software\Python\Python37\lib
  E:\Software\Python\Python37
  E:\Software\Python\Python37\lib\site-packages</msg>
<msg timestamp="20220527 10:28:18.821" level="ERROR">Error in file '1__Login\1__Gültiger_Login\1__Login_mit_korrekten_Benutzerdaten' on line -1: Resource file '..\..\..\Resources\technical_keywords.resource.resource' does not exist.</msg>
<msg timestamp="20220527 10:28:18.844" level="ERROR">Error in file '1__Login\2__Ungültiger_Login\1__Login_mit_falschem_Benutzernamen' on line -1: Variable file 'myVars.py' does not exist.</msg>
<msg timestamp="20220527 10:28:18.848" level="ERROR">Error in file '1__Login\2__Ungültiger_Login\1__Login_mit_falschem_Benutzernamen' on line -1: Importing library 'Remote    http://127.0.0.1:8270       WITH NAME    SuperRemoteLibrary' failed: ModuleNotFoundError: No module named 'Remote    http://127'
Traceback (most recent call last):
  None
PYTHONPATH:
  E:\Projekte\TB2Robot\testbench2robotframework\build\lib
  E:\Software\Python\Python37\python37.zip
  E:\Software\Python\Python37\DLLs
  E:\Software\Python\Python37\lib
  E:\Software\Python\Python37
  E:\Software\Python\Python37\lib\site-packages</msg>
<msg timestamp="20220527 10:28:18.853" level="ERROR">Error in file '1__Login\2__Ungültiger_Login\1__Login_mit_falschem_Benutzernamen' on line -1: Importing library 'SeleniumLibrary    timeout=10    implicit_wait=1    run_on_failure=Capture Page Screenshot' failed: ModuleNotFoundError: No module named 'SeleniumLibrary    timeout=10    implicit_wait=1    run_on_failure=Capture Page Screenshot'
Traceback (most recent call last):
  None
PYTHONPATH:
  E:\Projekte\TB2Robot\testbench2robotframework\build\lib
  E:\Software\Python\Python37\python37.zip
  E:\Software\Python\Python37\DLLs
  E:\Software\Python\Python37\lib
  E:\Software\Python\Python37
  E:\Software\Python\Python37\lib\site-packages</msg>
<msg timestamp="20220527 10:28:18.855" level="ERROR">Error in file '1__Login\2__Ungültiger_Login\1__Login_mit_falschem_Benutzernamen' on line -1: Resource file '..\..\..\Resources\technical_keywords.resource.resource' does not exist.</msg>
<msg timestamp="20220527 10:28:18.873" level="ERROR">Error in file '1__Login\2__Ungültiger_Login\2__Login_mit_falschem_Passwort' on line -1: Variable file 'myVars.py' does not exist.</msg>
<msg timestamp="20220527 10:28:18.877" level="ERROR">Error in file '1__Login\2__Ungültiger_Login\2__Login_mit_falschem_Passwort' on line -1: Importing library 'Remote    http://127.0.0.1:8270       WITH NAME    SuperRemoteLibrary' failed: ModuleNotFoundError: No module named 'Remote    http://127'
Traceback (most recent call last):
  None
PYTHONPATH:
  E:\Projekte\TB2Robot\testbench2robotframework\build\lib
  E:\Software\Python\Python37\python37.zip
  E:\Software\Python\Python37\DLLs
  E:\Software\Python\Python37\lib
  E:\Software\Python\Python37
  E:\Software\Python\Python37\lib\site-packages</msg>
<msg timestamp="20220527 10:28:18.882" level="ERROR">Error in file '1__Login\2__Ungültiger_Login\2__Login_mit_falschem_Passwort' on line -1: Importing library 'SeleniumLibrary    timeout=10    implicit_wait=1    run_on_failure=Capture Page Screenshot' failed: ModuleNotFoundError: No module named 'SeleniumLibrary    timeout=10    implicit_wait=1    run_on_failure=Capture Page Screenshot'
Traceback (most recent call last):
  None
PYTHONPATH:
  E:\Projekte\TB2Robot\testbench2robotframework\build\lib
  E:\Software\Python\Python37\python37.zip
  E:\Software\Python\Python37\DLLs
  E:\Software\Python\Python37\lib
  E:\Software\Python\Python37
  E:\Software\Python\Python37\lib\site-packages</msg>
<msg timestamp="20220527 10:28:18.884" level="ERROR">Error in file '1__Login\2__Ungültiger_Login\2__Login_mit_falschem_Passwort' on line -1: Resource file '..\..\..\Resources\technical_keywords.resource.resource' does not exist.</msg>
<msg timestamp="20220527 10:28:18.904" level="WARN">Multiple suites with name 'itba-TT-702' executed in suite 'itba-TT-602 &amp; itba-TT-602 &amp; itba-TT-602.itba-TT-602'.</msg>
<msg timestamp="20220527 10:28:18.911" level="ERROR">Error in file '1__Login\2__Ungültiger_Login\1__Login_mit_falschem_Benutzernamen' on line -1: Variable file 'myVars.py' does not exist.</msg>
<msg timestamp="20220527 10:28:18.913" level="ERROR">Error in file '1__Login\2__Ungültiger_Login\1__Login_mit_falschem_Benutzernamen' on line -1: Importing library 'Remote    http://127.0.0.1:8270       WITH NAME    SuperRemoteLibrary' failed: ModuleNotFoundError: No module named 'Remote    http://127'
Traceback (most recent call last):
  None
PYTHONPATH:
  E:\Projekte\TB2Robot\testbench2robotframework\build\lib
  E:\Software\Python\Python37\python37.zip
  E:\Software\Python\Python37\DLLs
  E:\Software\Python\Python37\lib
  E:\Software\Python\Python37
  E:\Software\Python\Python37\lib\site-packages</msg>
<msg timestamp="20220527 10:28:18.917" level="ERROR">Error in file '1__Login\2__Ungültiger_Login\1__Login_mit_falschem_Benutzernamen' on line -1: Importing library 'SeleniumLibrary    timeout=10    implicit_wait=1    run_on_failure=Capture Page Screenshot' failed: ModuleNotFoundError: No module named 'SeleniumLibrary    timeout=10    implicit_wait=1    run_on_failure=Capture Page Screenshot'
Traceback (most recent call last):
  None
PYTHONPATH:
  E:\Projekte\TB2Robot\testbench2robotframework\build\lib
  E:\Software\Python\Python37\python37.zip
  E:\Software\Python\Python37\DLLs
  E:\Software\Python\Python37\lib
  E:\Software\Python\Python37
  E:\Software\Python\Python37\lib\site-packages</msg>
<msg timestamp="20220527 10:28:18.919" level="ERROR">Error in file '1__Login\2__Ungültiger_Login\1__Login_mit_falschem_Benutzernamen' on line -1: Resource file '..\..\..\Resources\technical_keywords.resource.resource' does not exist.</msg>
<msg timestamp="20220527 10:28:18.937" level="ERROR">Error in file '1__Login\2__Ungültiger_Login\2__Login_mit_falschem_Passwort' on line -1: Variable file 'myVars.py' does not exist.</msg>
<msg timestamp="20220527 10:28:18.940" level="ERROR">Error in file '1__Login\2__Ungültiger_Login\2__Login_mit_falschem_Passwort' on line -1: Importing library 'Remote    http://127.0.0.1:8270       WITH NAME    SuperRemoteLibrary' failed: ModuleNotFoundError: No module named 'Remote    http://127'
Traceback (most recent call last):
  None
PYTHONPATH:
  E:\Projekte\TB2Robot\testbench2robotframework\build\lib
  E:\Software\Python\Python37\python37.zip
  E:\Software\Python\Python37\DLLs
  E:\Software\Python\Python37\lib
  E:\Software\Python\Python37
  E:\Software\Python\Python37\lib\site-packages</msg>
<msg timestamp="20220527 10:28:18.943" level="ERROR">Error in file '1__Login\2__Ungültiger_Login\2__Login_mit_falschem_Passwort' on line -1: Importing library 'SeleniumLibrary    timeout=10    implicit_wait=1    run_on_failure=Capture Page Screenshot' failed: ModuleNotFoundError: No module named 'SeleniumLibrary    timeout=10    implicit_wait=1    run_on_failure=Capture Page Screenshot'
Traceback (most recent call last):
  None
PYTHONPATH:
  E:\Projekte\TB2Robot\testbench2robotframework\build\lib
  E:\Software\Python\Python37\python37.zip
  E:\Software\Python\Python37\DLLs
  E:\Software\Python\Python37\lib
  E:\Software\Python\Python37
  E:\Software\Python\Python37\lib\site-packages</msg>
<msg timestamp="20220527 10:28:18.944" level="ERROR">Error in file '1__Login\2__Ungültiger_Login\2__Login_mit_falschem_Passwort' on line -1: Resource file '..\..\..\Resources\technical_keywords.resource.resource' does not exist.</msg>
</errors>
</robot>
